#-----------------------------------------------------------
# Vivado v2019.2 (64-bit)
# SW Build 2708876 on Wed Nov  6 21:40:23 MST 2019
# IP Build 2700528 on Thu Nov  7 00:09:20 MST 2019
# Start of session at: Thu Oct 26 14:03:17 2023
# Process ID: 8928
# Current directory: E:/vivadoProjects/APS
# Command line: vivado.exe -gui_launcher_event rodinguilauncherevent4100 E:\vivadoProjects\APS\APS.xpr
# Log file: E:/vivadoProjects/APS/vivado.log
# Journal file: E:/vivadoProjects/APS\vivado.jou
#-----------------------------------------------------------
start_gui
open_project E:/vivadoProjects/APS/APS.xpr
Scanning sources...
Finished scanning sources
INFO: [IP_Flow 19-234] Refreshing IP repositories
INFO: [IP_Flow 19-1704] No user IP repositories specified
INFO: [IP_Flow 19-2313] Loaded Vivado IP repository 'E:/Xilinx/Vivado/2019.2/data/ip'.
update_compile_order -fileset sources_1
exit
INFO: [Common 17-206] Exiting Vivado at Thu Oct 26 14:03:52 2023...
