INFO: [VRFC 10-2263] Analyzing SystemVerilog file "E:/vivadoProjects/APS/APS.srcs/sources_1/new/alu_opcodes_pkg.sv" into library xil_defaultlib
INFO: [VRFC 10-2263] Analyzing SystemVerilog file "E:/vivadoProjects/APS/csr_pkg.sv" into library xil_defaultlib
INFO: [VRFC 10-2263] Analyzing SystemVerilog file "E:/vivadoProjects/APS/riscv_pkg.sv" into library xil_defaultlib
INFO: [VRFC 10-2263] Analyzing SystemVerilog file "E:/vivadoProjects/APS/APS.srcs/sources_1/new/LSU.sv" into library xil_defaultlib
INFO: [VRFC 10-311] analyzing module LSU
INFO: [VRFC 10-2263] Analyzing SystemVerilog file "E:/vivadoProjects/APS/APS.srcs/sources_1/new/alu_riscv.sv" into library xil_defaultlib
INFO: [VRFC 10-311] analyzing module alu_riscv
INFO: [VRFC 10-2263] Analyzing SystemVerilog file "E:/vivadoProjects/APS/APS.srcs/sources_1/new/csr_controller.sv" into library xil_defaultlib
INFO: [VRFC 10-311] analyzing module csr_controller
INFO: [VRFC 10-2263] Analyzing SystemVerilog file "E:/vivadoProjects/APS/APS.srcs/sources_1/new/data_mem.sv" into library xil_defaultlib
INFO: [VRFC 10-311] analyzing module data_mem
INFO: [VRFC 10-2263] Analyzing SystemVerilog file "E:/vivadoProjects/APS/APS.srcs/sources_1/new/decoder_riscv.sv" into library xil_defaultlib
INFO: [VRFC 10-311] analyzing module decoder_riscv
INFO: [VRFC 10-2263] Analyzing SystemVerilog file "E:/vivadoProjects/APS/APS.srcs/sources_1/new/instr_mem.sv" into library xil_defaultlib
INFO: [VRFC 10-311] analyzing module instr_mem
INFO: [VRFC 10-2263] Analyzing SystemVerilog file "E:/vivadoProjects/APS/APS.srcs/sources_1/new/interrupt_controller.sv" into library xil_defaultlib
INFO: [VRFC 10-311] analyzing module interrupt_controller
INFO: [VRFC 10-2263] Analyzing SystemVerilog file "E:/vivadoProjects/APS/APS.srcs/sources_1/new/led_sb_ctrl.sv" into library xil_defaultlib
INFO: [VRFC 10-311] analyzing module led_sb_ctrl
INFO: [VRFC 10-2263] Analyzing SystemVerilog file "E:/vivadoProjects/APS/APS.srcs/sources_1/new/rf_riscv.sv" into library xil_defaultlib
INFO: [VRFC 10-311] analyzing module rf_riscv
INFO: [VRFC 10-2263] Analyzing SystemVerilog file "E:/vivadoProjects/APS/APS.srcs/sources_1/new/riscv_core.sv" into library xil_defaultlib
INFO: [VRFC 10-311] analyzing module riscv_core
INFO: [VRFC 10-2263] Analyzing SystemVerilog file "E:/vivadoProjects/APS/APS.srcs/sources_1/new/riscv_unit.sv" into library xil_defaultlib
INFO: [VRFC 10-311] analyzing module riscv_unit
INFO: [VRFC 10-2263] Analyzing SystemVerilog file "E:/vivadoProjects/APS/APS.srcs/sources_1/new/sw_sb_ctrl.sv" into library xil_defaultlib
INFO: [VRFC 10-311] analyzing module sw_sb_ctrl
INFO: [VRFC 10-2263] Analyzing SystemVerilog file "E:/vivadoProjects/APS/sys_clk_rst_gen.sv" into library xil_defaultlib
INFO: [VRFC 10-311] analyzing module sys_clk_rst_gen
INFO: [VRFC 10-2263] Analyzing SystemVerilog file "E:/vivadoProjects/APS/tb_riscv_unit.sv" into library xil_defaultlib
INFO: [VRFC 10-311] analyzing module tb_riscv_unit
