
*** Running vivado
    with args -log tb_irq_unit.vdi -applog -m64 -product Vivado -messageDb vivado.pb -mode batch -source tb_irq_unit.tcl -notrace


****** Vivado v2019.2 (64-bit)
  **** SW Build 2708876 on Wed Nov  6 21:40:23 MST 2019
  **** IP Build 2700528 on Thu Nov  7 00:09:20 MST 2019
    ** Copyright 1986-2019 Xilinx, Inc. All Rights Reserved.

source tb_irq_unit.tcl -notrace
Command: link_design -top tb_irq_unit -part xc7a100tcsg324-1
Design is defaulting to srcset: sources_1
Design is defaulting to constrset: constrs_1
INFO: [Device 21-403] Loading part xc7a100tcsg324-1
Netlist sorting complete. Time (s): cpu = 00:00:00 ; elapsed = 00:00:00.099 . Memory (MB): peak = 624.258 ; gain = 0.000
INFO: [Netlist 29-17] Analyzing 2818 Unisim elements for replacement
INFO: [Netlist 29-28] Unisim Transformation completed in 2 CPU seconds
INFO: [Project 1-479] Netlist was created with Vivado 2019.2
INFO: [Project 1-570] Preparing netlist for logic optimization
Parsing XDC File [E:/vivadoProjects/APS/nexys_a7_100t.xdc]
WARNING: [Vivado 12-584] No ports matched 'clk_i'. [E:/vivadoProjects/APS/nexys_a7_100t.xdc:7]
CRITICAL WARNING: [Common 17-55] 'set_property' expects at least one object. [E:/vivadoProjects/APS/nexys_a7_100t.xdc:7]
Resolution: If [get_<value>] was used to populate the object, check to make sure this command returns at least one valid object.
WARNING: [Vivado 12-584] No ports matched 'clk_i'. [E:/vivadoProjects/APS/nexys_a7_100t.xdc:8]
CRITICAL WARNING: [Vivado 12-4739] create_clock:No valid object(s) found for '-objects [get_ports clk_i]'. [E:/vivadoProjects/APS/nexys_a7_100t.xdc:8]
Resolution: Check if the specified object(s) exists in the current design. If it does, ensure that the correct design hierarchy was specified for the object. If you are working with clocks, make sure create_clock was used to create the clock object before it is referenced.
WARNING: [Vivado 12-584] No ports matched 'clk_i'. [E:/vivadoProjects/APS/nexys_a7_100t.xdc:9]
WARNING: [Vivado 12-508] No pins matched 'divider/clkbuf/O'. [E:/vivadoProjects/APS/nexys_a7_100t.xdc:9]
CRITICAL WARNING: [Vivado 12-4739] create_generated_clock:No valid object(s) found for '-source [get_ports clk_i]'. [E:/vivadoProjects/APS/nexys_a7_100t.xdc:9]
Resolution: Check if the specified object(s) exists in the current design. If it does, ensure that the correct design hierarchy was specified for the object. If you are working with clocks, make sure create_clock was used to create the clock object before it is referenced.
WARNING: [Vivado 12-584] No ports matched 'sw_i[0]'. [E:/vivadoProjects/APS/nexys_a7_100t.xdc:12]
CRITICAL WARNING: [Common 17-55] 'set_property' expects at least one object. [E:/vivadoProjects/APS/nexys_a7_100t.xdc:12]
Resolution: If [get_<value>] was used to populate the object, check to make sure this command returns at least one valid object.
WARNING: [Vivado 12-584] No ports matched 'sw_i[1]'. [E:/vivadoProjects/APS/nexys_a7_100t.xdc:13]
CRITICAL WARNING: [Common 17-55] 'set_property' expects at least one object. [E:/vivadoProjects/APS/nexys_a7_100t.xdc:13]
Resolution: If [get_<value>] was used to populate the object, check to make sure this command returns at least one valid object.
WARNING: [Vivado 12-584] No ports matched 'sw_i[2]'. [E:/vivadoProjects/APS/nexys_a7_100t.xdc:14]
CRITICAL WARNING: [Common 17-55] 'set_property' expects at least one object. [E:/vivadoProjects/APS/nexys_a7_100t.xdc:14]
Resolution: If [get_<value>] was used to populate the object, check to make sure this command returns at least one valid object.
WARNING: [Vivado 12-584] No ports matched 'sw_i[3]'. [E:/vivadoProjects/APS/nexys_a7_100t.xdc:15]
CRITICAL WARNING: [Common 17-55] 'set_property' expects at least one object. [E:/vivadoProjects/APS/nexys_a7_100t.xdc:15]
Resolution: If [get_<value>] was used to populate the object, check to make sure this command returns at least one valid object.
WARNING: [Vivado 12-584] No ports matched 'sw_i[4]'. [E:/vivadoProjects/APS/nexys_a7_100t.xdc:16]
CRITICAL WARNING: [Common 17-55] 'set_property' expects at least one object. [E:/vivadoProjects/APS/nexys_a7_100t.xdc:16]
Resolution: If [get_<value>] was used to populate the object, check to make sure this command returns at least one valid object.
WARNING: [Vivado 12-584] No ports matched 'sw_i[5]'. [E:/vivadoProjects/APS/nexys_a7_100t.xdc:17]
CRITICAL WARNING: [Common 17-55] 'set_property' expects at least one object. [E:/vivadoProjects/APS/nexys_a7_100t.xdc:17]
Resolution: If [get_<value>] was used to populate the object, check to make sure this command returns at least one valid object.
WARNING: [Vivado 12-584] No ports matched 'sw_i[6]'. [E:/vivadoProjects/APS/nexys_a7_100t.xdc:18]
CRITICAL WARNING: [Common 17-55] 'set_property' expects at least one object. [E:/vivadoProjects/APS/nexys_a7_100t.xdc:18]
Resolution: If [get_<value>] was used to populate the object, check to make sure this command returns at least one valid object.
WARNING: [Vivado 12-584] No ports matched 'sw_i[7]'. [E:/vivadoProjects/APS/nexys_a7_100t.xdc:19]
CRITICAL WARNING: [Common 17-55] 'set_property' expects at least one object. [E:/vivadoProjects/APS/nexys_a7_100t.xdc:19]
Resolution: If [get_<value>] was used to populate the object, check to make sure this command returns at least one valid object.
WARNING: [Vivado 12-584] No ports matched 'sw_i[8]'. [E:/vivadoProjects/APS/nexys_a7_100t.xdc:20]
CRITICAL WARNING: [Common 17-55] 'set_property' expects at least one object. [E:/vivadoProjects/APS/nexys_a7_100t.xdc:20]
Resolution: If [get_<value>] was used to populate the object, check to make sure this command returns at least one valid object.
WARNING: [Vivado 12-584] No ports matched 'sw_i[9]'. [E:/vivadoProjects/APS/nexys_a7_100t.xdc:21]
CRITICAL WARNING: [Common 17-55] 'set_property' expects at least one object. [E:/vivadoProjects/APS/nexys_a7_100t.xdc:21]
Resolution: If [get_<value>] was used to populate the object, check to make sure this command returns at least one valid object.
WARNING: [Vivado 12-584] No ports matched 'sw_i[10]'. [E:/vivadoProjects/APS/nexys_a7_100t.xdc:22]
CRITICAL WARNING: [Common 17-55] 'set_property' expects at least one object. [E:/vivadoProjects/APS/nexys_a7_100t.xdc:22]
Resolution: If [get_<value>] was used to populate the object, check to make sure this command returns at least one valid object.
WARNING: [Vivado 12-584] No ports matched 'sw_i[11]'. [E:/vivadoProjects/APS/nexys_a7_100t.xdc:23]
CRITICAL WARNING: [Common 17-55] 'set_property' expects at least one object. [E:/vivadoProjects/APS/nexys_a7_100t.xdc:23]
Resolution: If [get_<value>] was used to populate the object, check to make sure this command returns at least one valid object.
WARNING: [Vivado 12-584] No ports matched 'sw_i[12]'. [E:/vivadoProjects/APS/nexys_a7_100t.xdc:24]
CRITICAL WARNING: [Common 17-55] 'set_property' expects at least one object. [E:/vivadoProjects/APS/nexys_a7_100t.xdc:24]
Resolution: If [get_<value>] was used to populate the object, check to make sure this command returns at least one valid object.
WARNING: [Vivado 12-584] No ports matched 'sw_i[13]'. [E:/vivadoProjects/APS/nexys_a7_100t.xdc:25]
CRITICAL WARNING: [Common 17-55] 'set_property' expects at least one object. [E:/vivadoProjects/APS/nexys_a7_100t.xdc:25]
Resolution: If [get_<value>] was used to populate the object, check to make sure this command returns at least one valid object.
WARNING: [Vivado 12-584] No ports matched 'sw_i[14]'. [E:/vivadoProjects/APS/nexys_a7_100t.xdc:26]
CRITICAL WARNING: [Common 17-55] 'set_property' expects at least one object. [E:/vivadoProjects/APS/nexys_a7_100t.xdc:26]
Resolution: If [get_<value>] was used to populate the object, check to make sure this command returns at least one valid object.
WARNING: [Vivado 12-584] No ports matched 'sw_i[15]'. [E:/vivadoProjects/APS/nexys_a7_100t.xdc:27]
CRITICAL WARNING: [Common 17-55] 'set_property' expects at least one object. [E:/vivadoProjects/APS/nexys_a7_100t.xdc:27]
Resolution: If [get_<value>] was used to populate the object, check to make sure this command returns at least one valid object.
WARNING: [Vivado 12-584] No ports matched 'led_o[0]'. [E:/vivadoProjects/APS/nexys_a7_100t.xdc:30]
CRITICAL WARNING: [Common 17-55] 'set_property' expects at least one object. [E:/vivadoProjects/APS/nexys_a7_100t.xdc:30]
Resolution: If [get_<value>] was used to populate the object, check to make sure this command returns at least one valid object.
WARNING: [Vivado 12-584] No ports matched 'led_o[1]'. [E:/vivadoProjects/APS/nexys_a7_100t.xdc:31]
CRITICAL WARNING: [Common 17-55] 'set_property' expects at least one object. [E:/vivadoProjects/APS/nexys_a7_100t.xdc:31]
Resolution: If [get_<value>] was used to populate the object, check to make sure this command returns at least one valid object.
WARNING: [Vivado 12-584] No ports matched 'led_o[2]'. [E:/vivadoProjects/APS/nexys_a7_100t.xdc:32]
CRITICAL WARNING: [Common 17-55] 'set_property' expects at least one object. [E:/vivadoProjects/APS/nexys_a7_100t.xdc:32]
Resolution: If [get_<value>] was used to populate the object, check to make sure this command returns at least one valid object.
WARNING: [Vivado 12-584] No ports matched 'led_o[3]'. [E:/vivadoProjects/APS/nexys_a7_100t.xdc:33]
CRITICAL WARNING: [Common 17-55] 'set_property' expects at least one object. [E:/vivadoProjects/APS/nexys_a7_100t.xdc:33]
Resolution: If [get_<value>] was used to populate the object, check to make sure this command returns at least one valid object.
WARNING: [Vivado 12-584] No ports matched 'led_o[4]'. [E:/vivadoProjects/APS/nexys_a7_100t.xdc:34]
CRITICAL WARNING: [Common 17-55] 'set_property' expects at least one object. [E:/vivadoProjects/APS/nexys_a7_100t.xdc:34]
Resolution: If [get_<value>] was used to populate the object, check to make sure this command returns at least one valid object.
WARNING: [Vivado 12-584] No ports matched 'led_o[5]'. [E:/vivadoProjects/APS/nexys_a7_100t.xdc:35]
CRITICAL WARNING: [Common 17-55] 'set_property' expects at least one object. [E:/vivadoProjects/APS/nexys_a7_100t.xdc:35]
Resolution: If [get_<value>] was used to populate the object, check to make sure this command returns at least one valid object.
WARNING: [Vivado 12-584] No ports matched 'led_o[6]'. [E:/vivadoProjects/APS/nexys_a7_100t.xdc:36]
CRITICAL WARNING: [Common 17-55] 'set_property' expects at least one object. [E:/vivadoProjects/APS/nexys_a7_100t.xdc:36]
Resolution: If [get_<value>] was used to populate the object, check to make sure this command returns at least one valid object.
WARNING: [Vivado 12-584] No ports matched 'led_o[7]'. [E:/vivadoProjects/APS/nexys_a7_100t.xdc:37]
CRITICAL WARNING: [Common 17-55] 'set_property' expects at least one object. [E:/vivadoProjects/APS/nexys_a7_100t.xdc:37]
Resolution: If [get_<value>] was used to populate the object, check to make sure this command returns at least one valid object.
WARNING: [Vivado 12-584] No ports matched 'led_o[8]'. [E:/vivadoProjects/APS/nexys_a7_100t.xdc:38]
CRITICAL WARNING: [Common 17-55] 'set_property' expects at least one object. [E:/vivadoProjects/APS/nexys_a7_100t.xdc:38]
Resolution: If [get_<value>] was used to populate the object, check to make sure this command returns at least one valid object.
WARNING: [Vivado 12-584] No ports matched 'led_o[9]'. [E:/vivadoProjects/APS/nexys_a7_100t.xdc:39]
CRITICAL WARNING: [Common 17-55] 'set_property' expects at least one object. [E:/vivadoProjects/APS/nexys_a7_100t.xdc:39]
Resolution: If [get_<value>] was used to populate the object, check to make sure this command returns at least one valid object.
WARNING: [Vivado 12-584] No ports matched 'led_o[10]'. [E:/vivadoProjects/APS/nexys_a7_100t.xdc:40]
CRITICAL WARNING: [Common 17-55] 'set_property' expects at least one object. [E:/vivadoProjects/APS/nexys_a7_100t.xdc:40]
Resolution: If [get_<value>] was used to populate the object, check to make sure this command returns at least one valid object.
WARNING: [Vivado 12-584] No ports matched 'led_o[11]'. [E:/vivadoProjects/APS/nexys_a7_100t.xdc:41]
CRITICAL WARNING: [Common 17-55] 'set_property' expects at least one object. [E:/vivadoProjects/APS/nexys_a7_100t.xdc:41]
Resolution: If [get_<value>] was used to populate the object, check to make sure this command returns at least one valid object.
WARNING: [Vivado 12-584] No ports matched 'led_o[12]'. [E:/vivadoProjects/APS/nexys_a7_100t.xdc:42]
CRITICAL WARNING: [Common 17-55] 'set_property' expects at least one object. [E:/vivadoProjects/APS/nexys_a7_100t.xdc:42]
Resolution: If [get_<value>] was used to populate the object, check to make sure this command returns at least one valid object.
WARNING: [Vivado 12-584] No ports matched 'led_o[13]'. [E:/vivadoProjects/APS/nexys_a7_100t.xdc:43]
CRITICAL WARNING: [Common 17-55] 'set_property' expects at least one object. [E:/vivadoProjects/APS/nexys_a7_100t.xdc:43]
Resolution: If [get_<value>] was used to populate the object, check to make sure this command returns at least one valid object.
WARNING: [Vivado 12-584] No ports matched 'led_o[14]'. [E:/vivadoProjects/APS/nexys_a7_100t.xdc:44]
CRITICAL WARNING: [Common 17-55] 'set_property' expects at least one object. [E:/vivadoProjects/APS/nexys_a7_100t.xdc:44]
Resolution: If [get_<value>] was used to populate the object, check to make sure this command returns at least one valid object.
WARNING: [Vivado 12-584] No ports matched 'led_o[15]'. [E:/vivadoProjects/APS/nexys_a7_100t.xdc:45]
CRITICAL WARNING: [Common 17-55] 'set_property' expects at least one object. [E:/vivadoProjects/APS/nexys_a7_100t.xdc:45]
Resolution: If [get_<value>] was used to populate the object, check to make sure this command returns at least one valid object.
WARNING: [Vivado 12-584] No ports matched 'hex_led_o[6]'. [E:/vivadoProjects/APS/nexys_a7_100t.xdc:56]
CRITICAL WARNING: [Common 17-55] 'set_property' expects at least one object. [E:/vivadoProjects/APS/nexys_a7_100t.xdc:56]
Resolution: If [get_<value>] was used to populate the object, check to make sure this command returns at least one valid object.
WARNING: [Vivado 12-584] No ports matched 'hex_led_o[5]'. [E:/vivadoProjects/APS/nexys_a7_100t.xdc:57]
CRITICAL WARNING: [Common 17-55] 'set_property' expects at least one object. [E:/vivadoProjects/APS/nexys_a7_100t.xdc:57]
Resolution: If [get_<value>] was used to populate the object, check to make sure this command returns at least one valid object.
WARNING: [Vivado 12-584] No ports matched 'hex_led_o[4]'. [E:/vivadoProjects/APS/nexys_a7_100t.xdc:58]
CRITICAL WARNING: [Common 17-55] 'set_property' expects at least one object. [E:/vivadoProjects/APS/nexys_a7_100t.xdc:58]
Resolution: If [get_<value>] was used to populate the object, check to make sure this command returns at least one valid object.
WARNING: [Vivado 12-584] No ports matched 'hex_led_o[3]'. [E:/vivadoProjects/APS/nexys_a7_100t.xdc:59]
CRITICAL WARNING: [Common 17-55] 'set_property' expects at least one object. [E:/vivadoProjects/APS/nexys_a7_100t.xdc:59]
Resolution: If [get_<value>] was used to populate the object, check to make sure this command returns at least one valid object.
WARNING: [Vivado 12-584] No ports matched 'hex_led_o[2]'. [E:/vivadoProjects/APS/nexys_a7_100t.xdc:60]
CRITICAL WARNING: [Common 17-55] 'set_property' expects at least one object. [E:/vivadoProjects/APS/nexys_a7_100t.xdc:60]
Resolution: If [get_<value>] was used to populate the object, check to make sure this command returns at least one valid object.
WARNING: [Vivado 12-584] No ports matched 'hex_led_o[1]'. [E:/vivadoProjects/APS/nexys_a7_100t.xdc:61]
CRITICAL WARNING: [Common 17-55] 'set_property' expects at least one object. [E:/vivadoProjects/APS/nexys_a7_100t.xdc:61]
Resolution: If [get_<value>] was used to populate the object, check to make sure this command returns at least one valid object.
WARNING: [Vivado 12-584] No ports matched 'hex_led_o[0]'. [E:/vivadoProjects/APS/nexys_a7_100t.xdc:62]
CRITICAL WARNING: [Common 17-55] 'set_property' expects at least one object. [E:/vivadoProjects/APS/nexys_a7_100t.xdc:62]
Resolution: If [get_<value>] was used to populate the object, check to make sure this command returns at least one valid object.
WARNING: [Vivado 12-584] No ports matched 'hex_sel_o[0]'. [E:/vivadoProjects/APS/nexys_a7_100t.xdc:64]
CRITICAL WARNING: [Common 17-55] 'set_property' expects at least one object. [E:/vivadoProjects/APS/nexys_a7_100t.xdc:64]
Resolution: If [get_<value>] was used to populate the object, check to make sure this command returns at least one valid object.
WARNING: [Vivado 12-584] No ports matched 'hex_sel_o[1]'. [E:/vivadoProjects/APS/nexys_a7_100t.xdc:65]
CRITICAL WARNING: [Common 17-55] 'set_property' expects at least one object. [E:/vivadoProjects/APS/nexys_a7_100t.xdc:65]
Resolution: If [get_<value>] was used to populate the object, check to make sure this command returns at least one valid object.
WARNING: [Vivado 12-584] No ports matched 'hex_sel_o[2]'. [E:/vivadoProjects/APS/nexys_a7_100t.xdc:66]
CRITICAL WARNING: [Common 17-55] 'set_property' expects at least one object. [E:/vivadoProjects/APS/nexys_a7_100t.xdc:66]
Resolution: If [get_<value>] was used to populate the object, check to make sure this command returns at least one valid object.
WARNING: [Vivado 12-584] No ports matched 'hex_sel_o[3]'. [E:/vivadoProjects/APS/nexys_a7_100t.xdc:67]
CRITICAL WARNING: [Common 17-55] 'set_property' expects at least one object. [E:/vivadoProjects/APS/nexys_a7_100t.xdc:67]
Resolution: If [get_<value>] was used to populate the object, check to make sure this command returns at least one valid object.
WARNING: [Vivado 12-584] No ports matched 'hex_sel_o[4]'. [E:/vivadoProjects/APS/nexys_a7_100t.xdc:68]
CRITICAL WARNING: [Common 17-55] 'set_property' expects at least one object. [E:/vivadoProjects/APS/nexys_a7_100t.xdc:68]
Resolution: If [get_<value>] was used to populate the object, check to make sure this command returns at least one valid object.
WARNING: [Vivado 12-584] No ports matched 'hex_sel_o[5]'. [E:/vivadoProjects/APS/nexys_a7_100t.xdc:69]
CRITICAL WARNING: [Common 17-55] 'set_property' expects at least one object. [E:/vivadoProjects/APS/nexys_a7_100t.xdc:69]
Resolution: If [get_<value>] was used to populate the object, check to make sure this command returns at least one valid object.
WARNING: [Vivado 12-584] No ports matched 'hex_sel_o[6]'. [E:/vivadoProjects/APS/nexys_a7_100t.xdc:70]
CRITICAL WARNING: [Common 17-55] 'set_property' expects at least one object. [E:/vivadoProjects/APS/nexys_a7_100t.xdc:70]
Resolution: If [get_<value>] was used to populate the object, check to make sure this command returns at least one valid object.
WARNING: [Vivado 12-584] No ports matched 'hex_sel_o[7]'. [E:/vivadoProjects/APS/nexys_a7_100t.xdc:71]
CRITICAL WARNING: [Common 17-55] 'set_property' expects at least one object. [E:/vivadoProjects/APS/nexys_a7_100t.xdc:71]
Resolution: If [get_<value>] was used to populate the object, check to make sure this command returns at least one valid object.
WARNING: [Vivado 12-584] No ports matched 'resetn_i'. [E:/vivadoProjects/APS/nexys_a7_100t.xdc:74]
CRITICAL WARNING: [Common 17-55] 'set_property' expects at least one object. [E:/vivadoProjects/APS/nexys_a7_100t.xdc:74]
Resolution: If [get_<value>] was used to populate the object, check to make sure this command returns at least one valid object.
WARNING: [Vivado 12-584] No ports matched 'vga_r_o[0]'. [E:/vivadoProjects/APS/nexys_a7_100t.xdc:134]
CRITICAL WARNING: [Common 17-55] 'set_property' expects at least one object. [E:/vivadoProjects/APS/nexys_a7_100t.xdc:134]
Resolution: If [get_<value>] was used to populate the object, check to make sure this command returns at least one valid object.
WARNING: [Vivado 12-584] No ports matched 'vga_r_o[1]'. [E:/vivadoProjects/APS/nexys_a7_100t.xdc:135]
CRITICAL WARNING: [Common 17-55] 'set_property' expects at least one object. [E:/vivadoProjects/APS/nexys_a7_100t.xdc:135]
Resolution: If [get_<value>] was used to populate the object, check to make sure this command returns at least one valid object.
WARNING: [Vivado 12-584] No ports matched 'vga_r_o[2]'. [E:/vivadoProjects/APS/nexys_a7_100t.xdc:136]
CRITICAL WARNING: [Common 17-55] 'set_property' expects at least one object. [E:/vivadoProjects/APS/nexys_a7_100t.xdc:136]
Resolution: If [get_<value>] was used to populate the object, check to make sure this command returns at least one valid object.
WARNING: [Vivado 12-584] No ports matched 'vga_r_o[3]'. [E:/vivadoProjects/APS/nexys_a7_100t.xdc:137]
CRITICAL WARNING: [Common 17-55] 'set_property' expects at least one object. [E:/vivadoProjects/APS/nexys_a7_100t.xdc:137]
Resolution: If [get_<value>] was used to populate the object, check to make sure this command returns at least one valid object.
WARNING: [Vivado 12-584] No ports matched 'vga_g_o[0]'. [E:/vivadoProjects/APS/nexys_a7_100t.xdc:138]
CRITICAL WARNING: [Common 17-55] 'set_property' expects at least one object. [E:/vivadoProjects/APS/nexys_a7_100t.xdc:138]
Resolution: If [get_<value>] was used to populate the object, check to make sure this command returns at least one valid object.
WARNING: [Vivado 12-584] No ports matched 'vga_g_o[1]'. [E:/vivadoProjects/APS/nexys_a7_100t.xdc:139]
CRITICAL WARNING: [Common 17-55] 'set_property' expects at least one object. [E:/vivadoProjects/APS/nexys_a7_100t.xdc:139]
Resolution: If [get_<value>] was used to populate the object, check to make sure this command returns at least one valid object.
WARNING: [Vivado 12-584] No ports matched 'vga_g_o[2]'. [E:/vivadoProjects/APS/nexys_a7_100t.xdc:140]
CRITICAL WARNING: [Common 17-55] 'set_property' expects at least one object. [E:/vivadoProjects/APS/nexys_a7_100t.xdc:140]
Resolution: If [get_<value>] was used to populate the object, check to make sure this command returns at least one valid object.
WARNING: [Vivado 12-584] No ports matched 'vga_g_o[3]'. [E:/vivadoProjects/APS/nexys_a7_100t.xdc:141]
CRITICAL WARNING: [Common 17-55] 'set_property' expects at least one object. [E:/vivadoProjects/APS/nexys_a7_100t.xdc:141]
Resolution: If [get_<value>] was used to populate the object, check to make sure this command returns at least one valid object.
WARNING: [Vivado 12-584] No ports matched 'vga_b_o[0]'. [E:/vivadoProjects/APS/nexys_a7_100t.xdc:142]
CRITICAL WARNING: [Common 17-55] 'set_property' expects at least one object. [E:/vivadoProjects/APS/nexys_a7_100t.xdc:142]
Resolution: If [get_<value>] was used to populate the object, check to make sure this command returns at least one valid object.
WARNING: [Vivado 12-584] No ports matched 'vga_b_o[1]'. [E:/vivadoProjects/APS/nexys_a7_100t.xdc:143]
CRITICAL WARNING: [Common 17-55] 'set_property' expects at least one object. [E:/vivadoProjects/APS/nexys_a7_100t.xdc:143]
Resolution: If [get_<value>] was used to populate the object, check to make sure this command returns at least one valid object.
WARNING: [Vivado 12-584] No ports matched 'vga_b_o[2]'. [E:/vivadoProjects/APS/nexys_a7_100t.xdc:144]
CRITICAL WARNING: [Common 17-55] 'set_property' expects at least one object. [E:/vivadoProjects/APS/nexys_a7_100t.xdc:144]
Resolution: If [get_<value>] was used to populate the object, check to make sure this command returns at least one valid object.
WARNING: [Vivado 12-584] No ports matched 'vga_b_o[3]'. [E:/vivadoProjects/APS/nexys_a7_100t.xdc:145]
CRITICAL WARNING: [Common 17-55] 'set_property' expects at least one object. [E:/vivadoProjects/APS/nexys_a7_100t.xdc:145]
Resolution: If [get_<value>] was used to populate the object, check to make sure this command returns at least one valid object.
WARNING: [Vivado 12-584] No ports matched 'vga_hs_o'. [E:/vivadoProjects/APS/nexys_a7_100t.xdc:146]
CRITICAL WARNING: [Common 17-55] 'set_property' expects at least one object. [E:/vivadoProjects/APS/nexys_a7_100t.xdc:146]
Resolution: If [get_<value>] was used to populate the object, check to make sure this command returns at least one valid object.
WARNING: [Vivado 12-584] No ports matched 'vga_vs_o'. [E:/vivadoProjects/APS/nexys_a7_100t.xdc:147]
CRITICAL WARNING: [Common 17-55] 'set_property' expects at least one object. [E:/vivadoProjects/APS/nexys_a7_100t.xdc:147]
Resolution: If [get_<value>] was used to populate the object, check to make sure this command returns at least one valid object.
WARNING: [Vivado 12-584] No ports matched 'rx_i'. [E:/vivadoProjects/APS/nexys_a7_100t.xdc:183]
CRITICAL WARNING: [Common 17-55] 'set_property' expects at least one object. [E:/vivadoProjects/APS/nexys_a7_100t.xdc:183]
Resolution: If [get_<value>] was used to populate the object, check to make sure this command returns at least one valid object.
WARNING: [Vivado 12-584] No ports matched 'tx_o'. [E:/vivadoProjects/APS/nexys_a7_100t.xdc:184]
CRITICAL WARNING: [Common 17-55] 'set_property' expects at least one object. [E:/vivadoProjects/APS/nexys_a7_100t.xdc:184]
Resolution: If [get_<value>] was used to populate the object, check to make sure this command returns at least one valid object.
WARNING: [Vivado 12-584] No ports matched 'kclk_i'. [E:/vivadoProjects/APS/nexys_a7_100t.xdc:189]
CRITICAL WARNING: [Common 17-55] 'set_property' expects at least one object. [E:/vivadoProjects/APS/nexys_a7_100t.xdc:189]
Resolution: If [get_<value>] was used to populate the object, check to make sure this command returns at least one valid object.
WARNING: [Vivado 12-584] No ports matched 'kdata_i'. [E:/vivadoProjects/APS/nexys_a7_100t.xdc:190]
CRITICAL WARNING: [Common 17-55] 'set_property' expects at least one object. [E:/vivadoProjects/APS/nexys_a7_100t.xdc:190]
Resolution: If [get_<value>] was used to populate the object, check to make sure this command returns at least one valid object.
Finished Parsing XDC File [E:/vivadoProjects/APS/nexys_a7_100t.xdc]
INFO: [Opt 31-138] Pushed 0 inverter(s) to 0 load pin(s).
Netlist sorting complete. Time (s): cpu = 00:00:00 ; elapsed = 00:00:00.014 . Memory (MB): peak = 780.594 ; gain = 0.000
INFO: [Project 1-111] Unisim Transformation Summary:
  A total of 2080 instances were transformed.
  RAM16X1S => RAM32X1S (RAMS32): 32 instances
  RAM256X1S => RAM256X1S (MUXF7(x2), MUXF8, RAMS64E(x4)): 2048 instances

7 Infos, 70 Warnings, 69 Critical Warnings and 0 Errors encountered.
link_design completed successfully
link_design: Time (s): cpu = 00:00:10 ; elapsed = 00:00:11 . Memory (MB): peak = 780.594 ; gain = 470.516
Command: opt_design
Attempting to get a license for feature 'Implementation' and/or device 'xc7a100t'
INFO: [Common 17-349] Got license for feature 'Implementation' and/or device 'xc7a100t'
Running DRC as a precondition to command opt_design

Starting DRC Task
INFO: [DRC 23-27] Running DRC with 2 threads
ERROR: [DRC MDRV-1] Multiple Driver Nets: Net unit/LED/led_mode has multiple drivers: unit/LED/led_mode_reg/Q, and unit/LED/led_mode_reg__0/Q.
ERROR: [DRC MDRV-1] Multiple Driver Nets: Net unit/LED/led_val[0] has multiple drivers: unit/LED/led_val_reg[0]/Q, and unit/LED/led_val_reg[0]__0/Q.
ERROR: [DRC MDRV-1] Multiple Driver Nets: Net unit/LED/led_val[10] has multiple drivers: unit/LED/led_val_reg[10]/Q, and unit/LED/led_val_reg[10]__0/Q.
ERROR: [DRC MDRV-1] Multiple Driver Nets: Net unit/LED/led_val[11] has multiple drivers: unit/LED/led_val_reg[11]__0/Q, and unit/LED/led_val_reg[11]/Q.
ERROR: [DRC MDRV-1] Multiple Driver Nets: Net unit/LED/led_val[12] has multiple drivers: unit/LED/led_val_reg[12]/Q, and unit/LED/led_val_reg[12]__0/Q.
ERROR: [DRC MDRV-1] Multiple Driver Nets: Net unit/LED/led_val[13] has multiple drivers: unit/LED/led_val_reg[13]__0/Q, and unit/LED/led_val_reg[13]/Q.
ERROR: [DRC MDRV-1] Multiple Driver Nets: Net unit/LED/led_val[14] has multiple drivers: unit/LED/led_val_reg[14]/Q, and unit/LED/led_val_reg[14]__0/Q.
ERROR: [DRC MDRV-1] Multiple Driver Nets: Net unit/LED/led_val[15] has multiple drivers: unit/LED/led_val_reg[15]__0/Q, and unit/LED/led_val_reg[15]/Q.
ERROR: [DRC MDRV-1] Multiple Driver Nets: Net unit/LED/led_val[1] has multiple drivers: unit/LED/led_val_reg[1]/Q, and unit/LED/led_val_reg[1]__0/Q.
ERROR: [DRC MDRV-1] Multiple Driver Nets: Net unit/LED/led_val[2] has multiple drivers: unit/LED/led_val_reg[2]__0/Q, and unit/LED/led_val_reg[2]/Q.
ERROR: [DRC MDRV-1] Multiple Driver Nets: Net unit/LED/led_val[3] has multiple drivers: unit/LED/led_val_reg[3]/Q, and unit/LED/led_val_reg[3]__0/Q.
ERROR: [DRC MDRV-1] Multiple Driver Nets: Net unit/LED/led_val[4] has multiple drivers: unit/LED/led_val_reg[4]__0/Q, and unit/LED/led_val_reg[4]/Q.
ERROR: [DRC MDRV-1] Multiple Driver Nets: Net unit/LED/led_val[5] has multiple drivers: unit/LED/led_val_reg[5]/Q, and unit/LED/led_val_reg[5]__0/Q.
ERROR: [DRC MDRV-1] Multiple Driver Nets: Net unit/LED/led_val[6] has multiple drivers: unit/LED/led_val_reg[6]__0/Q, and unit/LED/led_val_reg[6]/Q.
ERROR: [DRC MDRV-1] Multiple Driver Nets: Net unit/LED/led_val[7] has multiple drivers: unit/LED/led_val_reg[7]__0/Q, and unit/LED/led_val_reg[7]/Q.
ERROR: [DRC MDRV-1] Multiple Driver Nets: Net unit/LED/led_val[8] has multiple drivers: unit/LED/led_val_reg[8]/Q, and unit/LED/led_val_reg[8]__0/Q.
ERROR: [DRC MDRV-1] Multiple Driver Nets: Net unit/LED/led_val[9] has multiple drivers: unit/LED/led_val_reg[9]__0/Q, and unit/LED/led_val_reg[9]/Q.
INFO: [Project 1-461] DRC finished with 17 Errors
INFO: [Project 1-462] Please refer to the DRC report (report_drc) for more information.
ERROR: [Vivado_Tcl 4-78] Error(s) found during DRC. Opt_design not run.

Time (s): cpu = 00:00:02 ; elapsed = 00:00:00.750 . Memory (MB): peak = 796.613 ; gain = 16.020
INFO: [Common 17-83] Releasing license: Implementation
12 Infos, 70 Warnings, 69 Critical Warnings and 18 Errors encountered.
opt_design failed
ERROR: [Common 17-39] 'opt_design' failed due to earlier errors.

INFO: [Common 17-206] Exiting Vivado at Sat Dec  9 20:00:54 2023...
